=/pretest.json
{
  _: [],
  f: [
    '/home/runner/work/exp-hysteresis-loss-iitk/exp-hysteresis-loss-iitk/experiment/pretest.json'
  ],
  files: [
    '/home/runner/work/exp-hysteresis-loss-iitk/exp-hysteresis-loss-iitk/experiment/pretest.json'
  ],
  c: 'assessment',
  contentTypes: 'assessment',
  'content-types': 'assessment',
  '$0': 'validate'
}
Validated true
=/posttest.json
{
  _: [],
  f: [
    '/home/runner/work/exp-hysteresis-loss-iitk/exp-hysteresis-loss-iitk/experiment/posttest.json'
  ],
  files: [
    '/home/runner/work/exp-hysteresis-loss-iitk/exp-hysteresis-loss-iitk/experiment/posttest.json'
  ],
  c: 'assessment',
  contentTypes: 'assessment',
  'content-types': 'assessment',
  '$0': 'validate'
}
/questions/4/difficulty: Difficulty can only be: beginner, intermediate or advanced

Json Error: must match "then" schema
Json Error: must match "then" schema
Failed while validating /home/runner/work/exp-hysteresis-loss-iitk/exp-hysteresis-loss-iitk/experiment/posttest.json
Error: Schema is Invalid
